<?xml version="1.0" encoding="UTF-8"?>
<testng-results ignored="0" total="1" passed="1" failed="0" skipped="0">
  <reporter-output>
  </reporter-output>
  <suite started-at="2023-04-20T23:18:54 IST" name="Default suite" finished-at="2023-04-20T23:19:07 IST" duration-ms="12825">
    <groups>
    </groups>
    <test started-at="2023-04-20T23:18:54 IST" name="Default test" finished-at="2023-04-20T23:19:07 IST" duration-ms="12825">
      <class name="webAppDesktopApp.DesktopAndWebAppTest">
        <test-method signature="test()[pri:0, instance:webAppDesktopApp.DesktopAndWebAppTest@37654521]" started-at="2023-04-20T23:18:54 IST" name="test" finished-at="2023-04-20T23:19:07 IST" duration-ms="12750" status="PASS">
          <reporter-output>
          </reporter-output>
        </test-method> <!-- test -->
      </class> <!-- webAppDesktopApp.DesktopAndWebAppTest -->
    </test> <!-- Default test -->
  </suite> <!-- Default suite -->
</testng-results>
